<?xml version="1.0" encoding="UTF-8"?>
<testsuite name="WorkSchedule.testWorkSchedule" tests="1" skipped="0" failures="0" errors="0" timestamp="2019-11-06T16:10:53" hostname="DESKTOP-KRQ8DMC" time="0.019">
  <properties/>
  <testcase name="teste1()" classname="WorkSchedule.testWorkSchedule" time="0.019"/>
  <system-out><![CDATA[]]></system-out>
  <system-err><![CDATA[]]></system-err>
</testsuite>
